<?xml version="1.0" encoding="UTF-8"?>
<!-- Generated by org.testng.reporters.JUnitXMLReporter -->
<testsuite hostname="DESKTOP-O7HFG9C" name="spicejetresults" tests="3" failures="1" timestamp="8 Mar 2018 21:49:15 GMT" time="50.219" errors="0">
  <testcase name="Test01" time="12.214" classname="testNG.Onewaysearch_Spicejet">
    <failure type="org.openqa.selenium.WebDriverException" message="[Exception... &amp;quot;Component returned failure code: 0x8052000e (NS_ERROR_FILE_IS_LOCKED) [nsIFileOutputStream.init]&amp;quot;  nsresult: &amp;quot;0x8052000e (NS_ERROR_FILE_IS_LOCKED)&amp;quot;  location: &amp;quot;JS frame :: file:///C:/Users/karuna/AppData/Local/Temp/anonymous2708586063364143362webdriver-profile/extensions/fxdriver@googlecode.com/components/command-processor.js :: fxdriver.files.File.prototype.append :: line 745&amp;quot;  data: no]
Command duration or timeout: 74 milliseconds
Build info: version: &amp;apos;2.53.1&amp;apos;, revision: &amp;apos;a36b8b1&amp;apos;, time: &amp;apos;2016-06-30 17:37:03&amp;apos;
System info: host: &amp;apos;DESKTOP-O7HFG9C&amp;apos;, ip: &amp;apos;172.20.10.8&amp;apos;, os.name: &amp;apos;Windows 10&amp;apos;, os.arch: &amp;apos;amd64&amp;apos;, os.version: &amp;apos;10.0&amp;apos;, java.version: &amp;apos;1.8.0_162&amp;apos;
Driver info: org.openqa.selenium.firefox.FirefoxDriver
Capabilities [{applicationCacheEnabled=true, rotatable=false, handlesAlerts=true, databaseEnabled=true, version=47.0.2, platform=WINDOWS, nativeEvents=false, acceptSslCerts=true, webStorageEnabled=true, locationContextEnabled=true, browserName=firefox, takesScreenshot=true, javascriptEnabled=true, cssSelectorsEnabled=true}]
Session ID: fbc3e2d0-9d71-4c04-b17c-7a9391cfd42f">
      <![CDATA[org.openqa.selenium.WebDriverException: [Exception... "Component returned failure code: 0x8052000e (NS_ERROR_FILE_IS_LOCKED) [nsIFileOutputStream.init]"  nsresult: "0x8052000e (NS_ERROR_FILE_IS_LOCKED)"  location: "JS frame :: file:///C:/Users/karuna/AppData/Local/Temp/anonymous2708586063364143362webdriver-profile/extensions/fxdriver@googlecode.com/components/command-processor.js :: fxdriver.files.File.prototype.append :: line 745"  data: no]
Command duration or timeout: 74 milliseconds
Build info: version: '2.53.1', revision: 'a36b8b1', time: '2016-06-30 17:37:03'
System info: host: 'DESKTOP-O7HFG9C', ip: '172.20.10.8', os.name: 'Windows 10', os.arch: 'amd64', os.version: '10.0', java.version: '1.8.0_162'
Driver info: org.openqa.selenium.firefox.FirefoxDriver
Capabilities [{applicationCacheEnabled=true, rotatable=false, handlesAlerts=true, databaseEnabled=true, version=47.0.2, platform=WINDOWS, nativeEvents=false, acceptSslCerts=true, webStorageEnabled=true, locationContextEnabled=true, browserName=firefox, takesScreenshot=true, javascriptEnabled=true, cssSelectorsEnabled=true}]
Session ID: fbc3e2d0-9d71-4c04-b17c-7a9391cfd42f
	at org.openqa.selenium.remote.ErrorHandler.createThrowable(ErrorHandler.java:206)
	at org.openqa.selenium.remote.ErrorHandler.throwIfResponseFailed(ErrorHandler.java:158)
	at org.openqa.selenium.remote.RemoteWebDriver.execute(RemoteWebDriver.java:678)
	at org.openqa.selenium.remote.RemoteWebElement.execute(RemoteWebElement.java:327)
	at org.openqa.selenium.remote.RemoteWebElement.click(RemoteWebElement.java:85)
	at testNG.Onewaysearch_Spicejet.verifyoneway(Onewaysearch_Spicejet.java:18)
	at testNG.Onewaysearch_Spicejet.Test01(Onewaysearch_Spicejet.java:34)
Caused by: org.openqa.selenium.WebDriverException: [Exception... "Component returned failure code: 0x8052000e (NS_ERROR_FILE_IS_LOCKED) [nsIFileOutputStream.init]"  nsresult: "0x8052000e (NS_ERROR_FILE_IS_LOCKED)"  location: "JS frame :: file:///C:/Users/karuna/AppData/Local/Temp/anonymous2708586063364143362webdriver-profile/extensions/fxdriver@googlecode.com/components/command-processor.js :: fxdriver.files.File.prototype.append :: line 745"  data: no]
Build info: version: '2.53.1', revision: 'a36b8b1', time: '2016-06-30 17:37:03'
System info: host: 'DESKTOP-O7HFG9C', ip: '172.20.10.8', os.name: 'Windows 10', os.arch: 'amd64', os.version: '10.0', java.version: '1.8.0_162'
Driver info: driver.version: unknown
	at <anonymous class>.fxdriver.files.File.prototype.append(file:///C:/Users/karuna/AppData/Local/Temp/anonymous2708586063364143362webdriver-profile/extensions/fxdriver@googlecode.com/components/command-processor.js:747)
	at <anonymous class>.fxdriver.logging.addClosureToDriverFileLogger_/<(file:///C:/Users/karuna/AppData/Local/Temp/anonymous2708586063364143362webdriver-profile/extensions/fxdriver@googlecode.com/components/command-processor.js:4761)
	at <anonymous class>.goog.debug.Logger.prototype.callPublish_(file:///C:/Users/karuna/AppData/Local/Temp/anonymous2708586063364143362webdriver-profile/extensions/fxdriver@googlecode.com/components/command-processor.js:4420)
	at <anonymous class>.goog.debug.Logger.prototype.doLogRecord_(file:///C:/Users/karuna/AppData/Local/Temp/anonymous2708586063364143362webdriver-profile/extensions/fxdriver@googlecode.com/components/command-processor.js:4409)
	at <anonymous class>.goog.debug.Logger.prototype.log(file:///C:/Users/karuna/AppData/Local/Temp/anonymous2708586063364143362webdriver-profile/extensions/fxdriver@googlecode.com/components/command-processor.js:4371)
	at <anonymous class>.goog.debug.Logger.prototype.severe(file:///C:/Users/karuna/AppData/Local/Temp/anonymous2708586063364143362webdriver-profile/extensions/fxdriver@googlecode.com/components/command-processor.js:4382)
	at <anonymous class>.goog.log.error(file:///C:/Users/karuna/AppData/Local/Temp/anonymous2708586063364143362webdriver-profile/extensions/fxdriver@googlecode.com/components/command-processor.js:4601)
	at <anonymous class>.DelayedCommand.prototype.executeInternal_/h(file:///C:/Users/karuna/AppData/Local/Temp/anonymous2708586063364143362webdriver-profile/extensions/fxdriver@googlecode.com/components/command-processor.js:12663)
	at <anonymous class>.DelayedCommand.prototype.executeInternal_(file:///C:/Users/karuna/AppData/Local/Temp/anonymous2708586063364143362webdriver-profile/extensions/fxdriver@googlecode.com/components/command-processor.js:12666)
	at <anonymous class>.DelayedCommand.prototype.execute/<(file:///C:/Users/karuna/AppData/Local/Temp/anonymous2708586063364143362webdriver-profile/extensions/fxdriver@googlecode.com/components/command-processor.js:12608)
... Removed 28 stack frames]]>
    </failure>
  </testcase> <!-- Test01 -->
  <testcase name="Test02" time="18.482" classname="testNG.Onewaysearch_Spicejet"/>
  <testcase name="Test03" time="16.228" classname="testNG.Onewaysearch_Spicejet"/>
</testsuite> <!-- spicejetresults -->
